{"/home/rudodev/Code/CMI/mbgl-tile-renderer-2/src/download_resources.js": {"path":"/home/rudodev/Code/CMI/mbgl-tile-renderer-2/src/download_resources.js","statementMap":{"0":{"start":{"line":12,"column":37},"end":{"line":43,"column":1}},"1":{"start":{"line":18,"column":17},"end":{"line":18,"column":48}},"2":{"start":{"line":20,"column":2},"end":{"line":29,"column":3}},"3":{"start":{"line":22,"column":4},"end":{"line":25,"column":6}},"4":{"start":{"line":26,"column":9},"end":{"line":29,"column":3}},"5":{"start":{"line":28,"column":4},"end":{"line":28,"column":59}},"6":{"start":{"line":31,"column":2},"end":{"line":42,"column":3}},"7":{"start":{"line":32,"column":21},"end":{"line":32,"column":52}},"8":{"start":{"line":33,"column":4},"end":{"line":36,"column":5}},"9":{"start":{"line":34,"column":6},"end":{"line":34,"column":48}},"10":{"start":{"line":35,"column":6},"end":{"line":35,"column":18}},"11":{"start":{"line":37,"column":4},"end":{"line":37,"column":87}},"12":{"start":{"line":39,"column":4},"end":{"line":39,"column":62}},"13":{"start":{"line":40,"column":4},"end":{"line":40,"column":25}},"14":{"start":{"line":41,"column":4},"end":{"line":41,"column":17}},"15":{"start":{"line":46,"column":28},"end":{"line":222,"column":1}},"16":{"start":{"line":56,"column":2},"end":{"line":58,"column":3}},"17":{"start":{"line":57,"column":4},"end":{"line":57,"column":47}},"18":{"start":{"line":61,"column":2},"end":{"line":96,"column":3}},"19":{"start":{"line":63,"column":6},"end":{"line":63,"column":72}},"20":{"start":{"line":64,"column":6},"end":{"line":64,"column":38}},"21":{"start":{"line":65,"column":6},"end":{"line":65,"column":42}},"22":{"start":{"line":66,"column":6},"end":{"line":66,"column":12}},"23":{"start":{"line":68,"column":6},"end":{"line":69,"column":106}},"24":{"start":{"line":70,"column":6},"end":{"line":70,"column":36}},"25":{"start":{"line":71,"column":6},"end":{"line":71,"column":47}},"26":{"start":{"line":72,"column":6},"end":{"line":72,"column":12}},"27":{"start":{"line":74,"column":6},"end":{"line":74,"column":78}},"28":{"start":{"line":75,"column":6},"end":{"line":75,"column":53}},"29":{"start":{"line":76,"column":6},"end":{"line":76,"column":48}},"30":{"start":{"line":77,"column":6},"end":{"line":77,"column":12}},"31":{"start":{"line":79,"column":6},"end":{"line":79,"column":110}},"32":{"start":{"line":80,"column":6},"end":{"line":80,"column":38}},"33":{"start":{"line":81,"column":6},"end":{"line":81,"column":48}},"34":{"start":{"line":82,"column":6},"end":{"line":82,"column":12}},"35":{"start":{"line":84,"column":6},"end":{"line":84,"column":103}},"36":{"start":{"line":85,"column":6},"end":{"line":85,"column":38}},"37":{"start":{"line":86,"column":6},"end":{"line":86,"column":45}},"38":{"start":{"line":87,"column":6},"end":{"line":87,"column":12}},"39":{"start":{"line":89,"column":6},"end":{"line":89,"column":147}},"40":{"start":{"line":90,"column":6},"end":{"line":90,"column":43}},"41":{"start":{"line":91,"column":6},"end":{"line":91,"column":115}},"42":{"start":{"line":92,"column":6},"end":{"line":92,"column":12}},"43":{"start":{"line":94,"column":6},"end":{"line":94,"column":47}},"44":{"start":{"line":95,"column":6},"end":{"line":95,"column":13}},"45":{"start":{"line":98,"column":23},"end":{"line":98,"column":43}},"46":{"start":{"line":99,"column":2},"end":{"line":101,"column":3}},"47":{"start":{"line":100,"column":4},"end":{"line":100,"column":52}},"48":{"start":{"line":103,"column":2},"end":{"line":103,"column":75}},"49":{"start":{"line":105,"column":16},"end":{"line":105,"column":25}},"50":{"start":{"line":107,"column":23},"end":{"line":107,"column":24}},"51":{"start":{"line":110,"column":2},"end":{"line":190,"column":3}},"52":{"start":{"line":110,"column":18},"end":{"line":110,"column":25}},"53":{"start":{"line":111,"column":31},"end":{"line":115,"column":5}},"54":{"start":{"line":116,"column":31},"end":{"line":120,"column":5}},"55":{"start":{"line":122,"column":4},"end":{"line":122,"column":49}},"56":{"start":{"line":124,"column":20},"end":{"line":124,"column":21}},"57":{"start":{"line":126,"column":19},"end":{"line":126,"column":21}},"58":{"start":{"line":128,"column":4},"end":{"line":174,"column":5}},"59":{"start":{"line":128,"column":19},"end":{"line":128,"column":23}},"60":{"start":{"line":129,"column":6},"end":{"line":173,"column":7}},"61":{"start":{"line":129,"column":21},"end":{"line":129,"column":25}},"62":{"start":{"line":131,"column":8},"end":{"line":151,"column":9}},"63":{"start":{"line":135,"column":24},"end":{"line":135,"column":26}},"64":{"start":{"line":137,"column":10},"end":{"line":137,"column":35}},"65":{"start":{"line":137,"column":26},"end":{"line":137,"column":35}},"66":{"start":{"line":138,"column":10},"end":{"line":144,"column":11}},"67":{"start":{"line":138,"column":23},"end":{"line":138,"column":27}},"68":{"start":{"line":139,"column":24},"end":{"line":139,"column":25}},"69":{"start":{"line":140,"column":25},"end":{"line":140,"column":37}},"70":{"start":{"line":141,"column":12},"end":{"line":141,"column":47}},"71":{"start":{"line":141,"column":36},"end":{"line":141,"column":47}},"72":{"start":{"line":142,"column":12},"end":{"line":142,"column":47}},"73":{"start":{"line":142,"column":36},"end":{"line":142,"column":47}},"74":{"start":{"line":143,"column":12},"end":{"line":143,"column":40}},"75":{"start":{"line":145,"column":10},"end":{"line":145,"column":54}},"76":{"start":{"line":147,"column":10},"end":{"line":150,"column":33}},"77":{"start":{"line":153,"column":25},"end":{"line":158,"column":9}},"78":{"start":{"line":160,"column":8},"end":{"line":168,"column":9}},"79":{"start":{"line":161,"column":10},"end":{"line":163,"column":11}},"80":{"start":{"line":162,"column":12},"end":{"line":162,"column":70}},"81":{"start":{"line":165,"column":10},"end":{"line":165,"column":27}},"82":{"start":{"line":166,"column":10},"end":{"line":166,"column":58}},"83":{"start":{"line":167,"column":10},"end":{"line":167,"column":19}},"84":{"start":{"line":170,"column":8},"end":{"line":172,"column":10}},"85":{"start":{"line":171,"column":22},"end":{"line":171,"column":76}},"86":{"start":{"line":175,"column":20},"end":{"line":175,"column":47}},"87":{"start":{"line":177,"column":4},"end":{"line":177,"column":58}},"88":{"start":{"line":177,"column":43},"end":{"line":177,"column":49}},"89":{"start":{"line":178,"column":4},"end":{"line":178,"column":32}},"90":{"start":{"line":185,"column":4},"end":{"line":189,"column":5}},"91":{"start":{"line":186,"column":6},"end":{"line":186,"column":80}},"92":{"start":{"line":188,"column":6},"end":{"line":188,"column":75}},"93":{"start":{"line":193,"column":2},"end":{"line":197,"column":3}},"94":{"start":{"line":194,"column":4},"end":{"line":194,"column":43}},"95":{"start":{"line":196,"column":4},"end":{"line":196,"column":61}},"96":{"start":{"line":201,"column":19},"end":{"line":208,"column":3}},"97":{"start":{"line":210,"column":27},"end":{"line":210,"column":67}},"98":{"start":{"line":212,"column":2},"end":{"line":217,"column":3}},"99":{"start":{"line":213,"column":4},"end":{"line":213,"column":74}},"100":{"start":{"line":214,"column":4},"end":{"line":214,"column":44}},"101":{"start":{"line":216,"column":4},"end":{"line":216,"column":72}},"102":{"start":{"line":219,"column":2},"end":{"line":221,"column":4}},"103":{"start":{"line":225,"column":34},"end":{"line":252,"column":1}},"104":{"start":{"line":235,"column":2},"end":{"line":251,"column":5}},"105":{"start":{"line":236,"column":4},"end":{"line":250,"column":5}},"106":{"start":{"line":237,"column":6},"end":{"line":246,"column":8}},"107":{"start":{"line":247,"column":6},"end":{"line":247,"column":16}},"108":{"start":{"line":249,"column":6},"end":{"line":249,"column":20}}},"fnMap":{"0":{"name":"(anonymous_0)","decl":{"start":{"line":12,"column":37},"end":{"line":12,"column":38}},"loc":{"start":{"line":17,"column":5},"end":{"line":43,"column":1}},"line":17},"1":{"name":"(anonymous_1)","decl":{"start":{"line":46,"column":28},"end":{"line":46,"column":29}},"loc":{"start":{"line":55,"column":5},"end":{"line":222,"column":1}},"line":55},"2":{"name":"(anonymous_2)","decl":{"start":{"line":171,"column":16},"end":{"line":171,"column":17}},"loc":{"start":{"line":171,"column":22},"end":{"line":171,"column":76}},"line":171},"3":{"name":"(anonymous_3)","decl":{"start":{"line":177,"column":31},"end":{"line":177,"column":32}},"loc":{"start":{"line":177,"column":43},"end":{"line":177,"column":49}},"line":177},"4":{"name":"(anonymous_4)","decl":{"start":{"line":225,"column":34},"end":{"line":225,"column":35}},"loc":{"start":{"line":234,"column":5},"end":{"line":252,"column":1}},"line":234},"5":{"name":"(anonymous_5)","decl":{"start":{"line":235,"column":21},"end":{"line":235,"column":22}},"loc":{"start":{"line":235,"column":48},"end":{"line":251,"column":3}},"line":235}},"branchMap":{"0":{"loc":{"start":{"line":20,"column":2},"end":{"line":29,"column":3}},"type":"if","locations":[{"start":{"line":20,"column":2},"end":{"line":29,"column":3}},{"start":{"line":26,"column":9},"end":{"line":29,"column":3}}],"line":20},"1":{"loc":{"start":{"line":26,"column":9},"end":{"line":29,"column":3}},"type":"if","locations":[{"start":{"line":26,"column":9},"end":{"line":29,"column":3}},{"start":{},"end":{}}],"line":26},"2":{"loc":{"start":{"line":33,"column":4},"end":{"line":36,"column":5}},"type":"if","locations":[{"start":{"line":33,"column":4},"end":{"line":36,"column":5}},{"start":{},"end":{}}],"line":33},"3":{"loc":{"start":{"line":56,"column":2},"end":{"line":58,"column":3}},"type":"if","locations":[{"start":{"line":56,"column":2},"end":{"line":58,"column":3}},{"start":{},"end":{}}],"line":56},"4":{"loc":{"start":{"line":56,"column":6},"end":{"line":56,"column":34}},"type":"binary-expr","locations":[{"start":{"line":56,"column":6},"end":{"line":56,"column":13}},{"start":{"line":56,"column":17},"end":{"line":56,"column":34}}],"line":56},"5":{"loc":{"start":{"line":61,"column":2},"end":{"line":96,"column":3}},"type":"switch","locations":[{"start":{"line":62,"column":4},"end":{"line":66,"column":12}},{"start":{"line":67,"column":4},"end":{"line":72,"column":12}},{"start":{"line":73,"column":4},"end":{"line":77,"column":12}},{"start":{"line":78,"column":4},"end":{"line":82,"column":12}},{"start":{"line":83,"column":4},"end":{"line":87,"column":12}},{"start":{"line":88,"column":4},"end":{"line":92,"column":12}},{"start":{"line":93,"column":4},"end":{"line":95,"column":13}}],"line":61},"6":{"loc":{"start":{"line":99,"column":2},"end":{"line":101,"column":3}},"type":"if","locations":[{"start":{"line":99,"column":2},"end":{"line":101,"column":3}},{"start":{},"end":{}}],"line":99},"7":{"loc":{"start":{"line":131,"column":8},"end":{"line":151,"column":9}},"type":"if","locations":[{"start":{"line":131,"column":8},"end":{"line":151,"column":9}},{"start":{"line":146,"column":15},"end":{"line":151,"column":9}}],"line":131},"8":{"loc":{"start":{"line":137,"column":10},"end":{"line":137,"column":35}},"type":"if","locations":[{"start":{"line":137,"column":10},"end":{"line":137,"column":35}},{"start":{},"end":{}}],"line":137},"9":{"loc":{"start":{"line":141,"column":12},"end":{"line":141,"column":47}},"type":"if","locations":[{"start":{"line":141,"column":12},"end":{"line":141,"column":47}},{"start":{},"end":{}}],"line":141},"10":{"loc":{"start":{"line":142,"column":12},"end":{"line":142,"column":47}},"type":"if","locations":[{"start":{"line":142,"column":12},"end":{"line":142,"column":47}},{"start":{},"end":{}}],"line":142},"11":{"loc":{"start":{"line":160,"column":8},"end":{"line":168,"column":9}},"type":"if","locations":[{"start":{"line":160,"column":8},"end":{"line":168,"column":9}},{"start":{"line":164,"column":15},"end":{"line":168,"column":9}}],"line":160},"12":{"loc":{"start":{"line":161,"column":10},"end":{"line":163,"column":11}},"type":"if","locations":[{"start":{"line":161,"column":10},"end":{"line":163,"column":11}},{"start":{},"end":{}}],"line":161},"13":{"loc":{"start":{"line":185,"column":4},"end":{"line":189,"column":5}},"type":"if","locations":[{"start":{"line":185,"column":4},"end":{"line":189,"column":5}},{"start":{"line":187,"column":11},"end":{"line":189,"column":5}}],"line":185},"14":{"loc":{"start":{"line":193,"column":2},"end":{"line":197,"column":3}},"type":"if","locations":[{"start":{"line":193,"column":2},"end":{"line":197,"column":3}},{"start":{"line":195,"column":9},"end":{"line":197,"column":3}}],"line":193}},"s":{"0":1,"1":24,"2":24,"3":2,"4":22,"5":2,"6":24,"7":24,"8":22,"9":22,"10":22,"11":0,"12":2,"13":2,"14":2,"15":1,"16":4,"17":0,"18":4,"19":1,"20":1,"21":1,"22":1,"23":1,"24":1,"25":1,"26":1,"27":1,"28":1,"29":1,"30":1,"31":0,"32":0,"33":0,"34":0,"35":0,"36":0,"37":0,"38":0,"39":0,"40":0,"41":0,"42":0,"43":1,"44":1,"45":3,"46":3,"47":3,"48":3,"49":3,"50":3,"51":3,"52":3,"53":17,"54":17,"55":17,"56":17,"57":17,"58":17,"59":17,"60":20,"61":20,"62":20,"63":6,"64":6,"65":1,"66":6,"67":6,"68":20,"69":20,"70":20,"71":6,"72":20,"73":9,"74":20,"75":6,"76":14,"77":20,"78":20,"79":20,"80":20,"81":0,"82":0,"83":0,"84":20,"85":20,"86":17,"87":17,"88":20,"89":17,"90":17,"91":0,"92":17,"93":3,"94":0,"95":3,"96":3,"97":3,"98":3,"99":3,"100":3,"101":0,"102":3,"103":1,"104":4,"105":4,"106":4,"107":4,"108":0},"f":{"0":24,"1":4,"2":20,"3":20,"4":4,"5":4},"b":{"0":[2,22],"1":[2,20],"2":[22,0],"3":[0,4],"4":[4,4],"5":[1,1,1,0,0,0,1],"6":[3,0],"7":[6,14],"8":[1,5],"9":[6,14],"10":[9,11],"11":[20,0],"12":[20,0],"13":[0,17],"14":[0,3]},"_coverageSchema":"1a1c01bbd47fc00a2c39e90264f33305004495a9","hash":"e6151cfb9a9f81d249050658a414da123dcb4756"}
,"/home/rudodev/Code/CMI/mbgl-tile-renderer-2/src/generate_resources.js": {"path":"/home/rudodev/Code/CMI/mbgl-tile-renderer-2/src/generate_resources.js","statementMap":{"0":{"start":{"line":14,"column":29},"end":{"line":74,"column":1}},"1":{"start":{"line":15,"column":22},"end":{"line":41,"column":3}},"2":{"start":{"line":45,"column":2},"end":{"line":72,"column":3}},"3":{"start":{"line":46,"column":4},"end":{"line":49,"column":6}},"4":{"start":{"line":50,"column":4},"end":{"line":60,"column":7}},"5":{"start":{"line":61,"column":4},"end":{"line":71,"column":7}},"6":{"start":{"line":73,"column":2},"end":{"line":73,"column":21}},"7":{"start":{"line":77,"column":27},"end":{"line":107,"column":1}},"8":{"start":{"line":84,"column":2},"end":{"line":96,"column":3}},"9":{"start":{"line":84,"column":15},"end":{"line":84,"column":16}},"10":{"start":{"line":85,"column":18},"end":{"line":85,"column":31}},"11":{"start":{"line":86,"column":17},"end":{"line":86,"column":28}},"12":{"start":{"line":87,"column":4},"end":{"line":95,"column":5}},"13":{"start":{"line":88,"column":6},"end":{"line":88,"column":20}},"14":{"start":{"line":89,"column":6},"end":{"line":89,"column":24}},"15":{"start":{"line":90,"column":6},"end":{"line":90,"column":24}},"16":{"start":{"line":92,"column":6},"end":{"line":92,"column":24}},"17":{"start":{"line":93,"column":6},"end":{"line":93,"column":43}},"18":{"start":{"line":94,"column":6},"end":{"line":94,"column":43}},"19":{"start":{"line":98,"column":2},"end":{"line":106,"column":16}},"20":{"start":{"line":110,"column":31},"end":{"line":245,"column":1}},"21":{"start":{"line":121,"column":19},"end":{"line":121,"column":57}},"22":{"start":{"line":122,"column":2},"end":{"line":122,"column":54}},"23":{"start":{"line":125,"column":18},"end":{"line":134,"column":4}},"24":{"start":{"line":126,"column":4},"end":{"line":133,"column":7}},"25":{"start":{"line":127,"column":6},"end":{"line":132,"column":7}},"26":{"start":{"line":128,"column":8},"end":{"line":128,"column":58}},"27":{"start":{"line":129,"column":8},"end":{"line":129,"column":20}},"28":{"start":{"line":131,"column":8},"end":{"line":131,"column":25}},"29":{"start":{"line":136,"column":2},"end":{"line":244,"column":3}},"30":{"start":{"line":138,"column":4},"end":{"line":169,"column":7}},"31":{"start":{"line":139,"column":6},"end":{"line":168,"column":7}},"32":{"start":{"line":140,"column":8},"end":{"line":140,"column":18}},"33":{"start":{"line":142,"column":23},"end":{"line":148,"column":9}},"34":{"start":{"line":151,"column":29},"end":{"line":151,"column":66}},"35":{"start":{"line":152,"column":8},"end":{"line":163,"column":9}},"36":{"start":{"line":153,"column":10},"end":{"line":162,"column":11}},"37":{"start":{"line":155,"column":33},"end":{"line":155,"column":70}},"38":{"start":{"line":156,"column":37},"end":{"line":156,"column":61}},"39":{"start":{"line":159,"column":12},"end":{"line":159,"column":60}},"40":{"start":{"line":161,"column":12},"end":{"line":161,"column":70}},"41":{"start":{"line":165,"column":8},"end":{"line":167,"column":11}},"42":{"start":{"line":166,"column":10},"end":{"line":166,"column":29}},"43":{"start":{"line":166,"column":19},"end":{"line":166,"column":29}},"44":{"start":{"line":172,"column":4},"end":{"line":205,"column":5}},"45":{"start":{"line":172,"column":20},"end":{"line":172,"column":27}},"46":{"start":{"line":173,"column":6},"end":{"line":173,"column":53}},"47":{"start":{"line":175,"column":41},"end":{"line":178,"column":7}},"48":{"start":{"line":180,"column":6},"end":{"line":180,"column":51}},"49":{"start":{"line":183,"column":6},"end":{"line":204,"column":7}},"50":{"start":{"line":183,"column":19},"end":{"line":183,"column":23}},"51":{"start":{"line":184,"column":8},"end":{"line":203,"column":9}},"52":{"start":{"line":184,"column":21},"end":{"line":184,"column":25}},"53":{"start":{"line":185,"column":10},"end":{"line":202,"column":11}},"54":{"start":{"line":187,"column":31},"end":{"line":194,"column":13}},"55":{"start":{"line":197,"column":12},"end":{"line":199,"column":15}},"56":{"start":{"line":198,"column":14},"end":{"line":198,"column":33}},"57":{"start":{"line":198,"column":23},"end":{"line":198,"column":33}},"58":{"start":{"line":201,"column":12},"end":{"line":201,"column":78}},"59":{"start":{"line":208,"column":4},"end":{"line":216,"column":7}},"60":{"start":{"line":209,"column":6},"end":{"line":215,"column":9}},"61":{"start":{"line":210,"column":8},"end":{"line":210,"column":29}},"62":{"start":{"line":210,"column":17},"end":{"line":210,"column":29}},"63":{"start":{"line":211,"column":8},"end":{"line":213,"column":10}},"64":{"start":{"line":214,"column":8},"end":{"line":214,"column":18}},"65":{"start":{"line":219,"column":23},"end":{"line":219,"column":63}},"66":{"start":{"line":221,"column":4},"end":{"line":243,"column":5}},"67":{"start":{"line":222,"column":25},"end":{"line":222,"column":54}},"68":{"start":{"line":223,"column":26},"end":{"line":223,"column":58}},"69":{"start":{"line":225,"column":6},"end":{"line":227,"column":9}},"70":{"start":{"line":226,"column":8},"end":{"line":226,"column":60}},"71":{"start":{"line":229,"column":6},"end":{"line":231,"column":9}},"72":{"start":{"line":230,"column":8},"end":{"line":230,"column":60}},"73":{"start":{"line":233,"column":6},"end":{"line":238,"column":9}},"74":{"start":{"line":235,"column":8},"end":{"line":237,"column":9}},"75":{"start":{"line":236,"column":10},"end":{"line":236,"column":55}},"76":{"start":{"line":240,"column":6},"end":{"line":240,"column":35}},"77":{"start":{"line":242,"column":6},"end":{"line":242,"column":59}}},"fnMap":{"0":{"name":"(anonymous_0)","decl":{"start":{"line":14,"column":29},"end":{"line":14,"column":30}},"loc":{"start":{"line":14,"column":59},"end":{"line":74,"column":1}},"line":14},"1":{"name":"(anonymous_1)","decl":{"start":{"line":77,"column":27},"end":{"line":77,"column":28}},"loc":{"start":{"line":77,"column":67},"end":{"line":107,"column":1}},"line":77},"2":{"name":"(anonymous_2)","decl":{"start":{"line":110,"column":31},"end":{"line":110,"column":32}},"loc":{"start":{"line":120,"column":5},"end":{"line":245,"column":1}},"line":120},"3":{"name":"(anonymous_3)","decl":{"start":{"line":125,"column":36},"end":{"line":125,"column":37}},"loc":{"start":{"line":125,"column":57},"end":{"line":134,"column":3}},"line":125},"4":{"name":"(anonymous_4)","decl":{"start":{"line":126,"column":40},"end":{"line":126,"column":41}},"loc":{"start":{"line":126,"column":58},"end":{"line":133,"column":5}},"line":126},"5":{"name":"(anonymous_5)","decl":{"start":{"line":138,"column":25},"end":{"line":138,"column":26}},"loc":{"start":{"line":138,"column":34},"end":{"line":169,"column":5}},"line":138},"6":{"name":"(anonymous_6)","decl":{"start":{"line":165,"column":34},"end":{"line":165,"column":35}},"loc":{"start":{"line":165,"column":43},"end":{"line":167,"column":9}},"line":165},"7":{"name":"(anonymous_7)","decl":{"start":{"line":197,"column":52},"end":{"line":197,"column":53}},"loc":{"start":{"line":197,"column":61},"end":{"line":199,"column":13}},"line":197},"8":{"name":"(anonymous_8)","decl":{"start":{"line":208,"column":22},"end":{"line":208,"column":23}},"loc":{"start":{"line":208,"column":43},"end":{"line":216,"column":5}},"line":208},"9":{"name":"(anonymous_9)","decl":{"start":{"line":209,"column":26},"end":{"line":209,"column":27}},"loc":{"start":{"line":209,"column":35},"end":{"line":215,"column":7}},"line":209},"10":{"name":"(anonymous_10)","decl":{"start":{"line":225,"column":29},"end":{"line":225,"column":30}},"loc":{"start":{"line":225,"column":38},"end":{"line":227,"column":7}},"line":225},"11":{"name":"(anonymous_11)","decl":{"start":{"line":229,"column":30},"end":{"line":229,"column":31}},"loc":{"start":{"line":229,"column":39},"end":{"line":231,"column":7}},"line":229},"12":{"name":"(anonymous_12)","decl":{"start":{"line":233,"column":30},"end":{"line":233,"column":31}},"loc":{"start":{"line":233,"column":36},"end":{"line":238,"column":7}},"line":233}},"branchMap":{"0":{"loc":{"start":{"line":45,"column":2},"end":{"line":72,"column":3}},"type":"if","locations":[{"start":{"line":45,"column":2},"end":{"line":72,"column":3}},{"start":{},"end":{}}],"line":45},"1":{"loc":{"start":{"line":87,"column":4},"end":{"line":95,"column":5}},"type":"if","locations":[{"start":{"line":87,"column":4},"end":{"line":95,"column":5}},{"start":{"line":91,"column":11},"end":{"line":95,"column":5}}],"line":87},"2":{"loc":{"start":{"line":127,"column":6},"end":{"line":132,"column":7}},"type":"if","locations":[{"start":{"line":127,"column":6},"end":{"line":132,"column":7}},{"start":{"line":130,"column":13},"end":{"line":132,"column":7}}],"line":127},"3":{"loc":{"start":{"line":139,"column":6},"end":{"line":168,"column":7}},"type":"if","locations":[{"start":{"line":139,"column":6},"end":{"line":168,"column":7}},{"start":{"line":141,"column":13},"end":{"line":168,"column":7}}],"line":139},"4":{"loc":{"start":{"line":152,"column":8},"end":{"line":163,"column":9}},"type":"if","locations":[{"start":{"line":152,"column":8},"end":{"line":163,"column":9}},{"start":{},"end":{}}],"line":152},"5":{"loc":{"start":{"line":166,"column":10},"end":{"line":166,"column":29}},"type":"if","locations":[{"start":{"line":166,"column":10},"end":{"line":166,"column":29}},{"start":{},"end":{}}],"line":166},"6":{"loc":{"start":{"line":198,"column":14},"end":{"line":198,"column":33}},"type":"if","locations":[{"start":{"line":198,"column":14},"end":{"line":198,"column":33}},{"start":{},"end":{}}],"line":198},"7":{"loc":{"start":{"line":210,"column":8},"end":{"line":210,"column":29}},"type":"if","locations":[{"start":{"line":210,"column":8},"end":{"line":210,"column":29}},{"start":{},"end":{}}],"line":210},"8":{"loc":{"start":{"line":235,"column":8},"end":{"line":237,"column":9}},"type":"if","locations":[{"start":{"line":235,"column":8},"end":{"line":237,"column":9}},{"start":{},"end":{}}],"line":235}},"s":{"0":1,"1":5,"2":5,"3":2,"4":2,"5":2,"6":5,"7":1,"8":40,"9":40,"10":10485760,"11":10485760,"12":10485760,"13":0,"14":0,"15":0,"16":10485760,"17":10485760,"18":10485760,"19":40,"20":1,"21":6,"22":6,"23":6,"24":6,"25":6,"26":0,"27":0,"28":6,"29":6,"30":6,"31":6,"32":0,"33":6,"34":6,"35":6,"36":3,"37":3,"38":3,"39":3,"40":0,"41":6,"42":6,"43":0,"44":6,"45":6,"46":36,"47":36,"48":36,"49":36,"50":36,"51":40,"52":40,"53":40,"54":40,"55":40,"56":40,"57":0,"58":0,"59":6,"60":6,"61":6,"62":0,"63":6,"64":6,"65":6,"66":6,"67":6,"68":6,"69":6,"70":0,"71":6,"72":0,"73":6,"74":6,"75":6,"76":6,"77":0},"f":{"0":5,"1":40,"2":6,"3":6,"4":6,"5":6,"6":6,"7":40,"8":6,"9":6,"10":0,"11":0,"12":6},"b":{"0":[2,3],"1":[0,10485760],"2":[0,6],"3":[0,6],"4":[3,3],"5":[0,6],"6":[0,40],"7":[0,6],"8":[6,0]},"_coverageSchema":"1a1c01bbd47fc00a2c39e90264f33305004495a9","hash":"cb318629e50fa3cce41b942f45bd6cde6cacbe7c"}
,"/home/rudodev/Code/CMI/mbgl-tile-renderer-2/src/initiate.js": {"path":"/home/rudodev/Code/CMI/mbgl-tile-renderer-2/src/initiate.js","statementMap":{"0":{"start":{"line":8,"column":23},"end":{"line":8,"column":54}},"1":{"start":{"line":10,"column":33},"end":{"line":122,"column":1}},"2":{"start":{"line":24,"column":2},"end":{"line":24,"column":41}},"3":{"start":{"line":26,"column":18},"end":{"line":26,"column":67}},"4":{"start":{"line":27,"column":2},"end":{"line":29,"column":3}},"5":{"start":{"line":28,"column":4},"end":{"line":28,"column":47}},"6":{"start":{"line":30,"column":18},"end":{"line":30,"column":22}},"7":{"start":{"line":31,"column":20},"end":{"line":31,"column":24}},"8":{"start":{"line":34,"column":2},"end":{"line":37,"column":3}},"9":{"start":{"line":35,"column":4},"end":{"line":35,"column":54}},"10":{"start":{"line":36,"column":4},"end":{"line":36,"column":66}},"11":{"start":{"line":40,"column":2},"end":{"line":79,"column":3}},"12":{"start":{"line":42,"column":4},"end":{"line":51,"column":6}},"13":{"start":{"line":54,"column":4},"end":{"line":57,"column":5}},"14":{"start":{"line":55,"column":6},"end":{"line":55,"column":70}},"15":{"start":{"line":56,"column":6},"end":{"line":56,"column":52}},"16":{"start":{"line":61,"column":4},"end":{"line":65,"column":5}},"17":{"start":{"line":62,"column":6},"end":{"line":62,"column":21}},"18":{"start":{"line":64,"column":6},"end":{"line":64,"column":21}},"19":{"start":{"line":68,"column":4},"end":{"line":75,"column":5}},"20":{"start":{"line":69,"column":6},"end":{"line":69,"column":60}},"21":{"start":{"line":70,"column":6},"end":{"line":73,"column":8}},"22":{"start":{"line":74,"column":6},"end":{"line":74,"column":53}},"23":{"start":{"line":77,"column":4},"end":{"line":77,"column":37}},"24":{"start":{"line":78,"column":4},"end":{"line":78,"column":23}},"25":{"start":{"line":81,"column":30},"end":{"line":81,"column":79}},"26":{"start":{"line":82,"column":2},"end":{"line":86,"column":3}},"27":{"start":{"line":84,"column":6},"end":{"line":84,"column":73}},"28":{"start":{"line":85,"column":4},"end":{"line":85,"column":25}},"29":{"start":{"line":88,"column":2},"end":{"line":105,"column":3}},"30":{"start":{"line":89,"column":4},"end":{"line":104,"column":7}},"31":{"start":{"line":90,"column":29},"end":{"line":96,"column":7}},"32":{"start":{"line":97,"column":6},"end":{"line":103,"column":7}},"33":{"start":{"line":98,"column":20},"end":{"line":101,"column":70}},"34":{"start":{"line":102,"column":8},"end":{"line":102,"column":29}},"35":{"start":{"line":107,"column":2},"end":{"line":121,"column":3}},"36":{"start":{"line":108,"column":4},"end":{"line":118,"column":6}},"37":{"start":{"line":120,"column":4},"end":{"line":120,"column":56}}},"fnMap":{"0":{"name":"(anonymous_0)","decl":{"start":{"line":10,"column":33},"end":{"line":10,"column":34}},"loc":{"start":{"line":23,"column":5},"end":{"line":122,"column":1}},"line":23},"1":{"name":"(anonymous_1)","decl":{"start":{"line":89,"column":32},"end":{"line":89,"column":33}},"loc":{"start":{"line":89,"column":42},"end":{"line":104,"column":5}},"line":89}},"branchMap":{"0":{"loc":{"start":{"line":27,"column":2},"end":{"line":29,"column":3}},"type":"if","locations":[{"start":{"line":27,"column":2},"end":{"line":29,"column":3}},{"start":{},"end":{}}],"line":27},"1":{"loc":{"start":{"line":34,"column":2},"end":{"line":37,"column":3}},"type":"if","locations":[{"start":{"line":34,"column":2},"end":{"line":37,"column":3}},{"start":{},"end":{}}],"line":34},"2":{"loc":{"start":{"line":40,"column":2},"end":{"line":79,"column":3}},"type":"if","locations":[{"start":{"line":40,"column":2},"end":{"line":79,"column":3}},{"start":{},"end":{}}],"line":40},"3":{"loc":{"start":{"line":54,"column":4},"end":{"line":57,"column":5}},"type":"if","locations":[{"start":{"line":54,"column":4},"end":{"line":57,"column":5}},{"start":{},"end":{}}],"line":54},"4":{"loc":{"start":{"line":61,"column":4},"end":{"line":65,"column":5}},"type":"if","locations":[{"start":{"line":61,"column":4},"end":{"line":65,"column":5}},{"start":{"line":63,"column":11},"end":{"line":65,"column":5}}],"line":61},"5":{"loc":{"start":{"line":68,"column":4},"end":{"line":75,"column":5}},"type":"if","locations":[{"start":{"line":68,"column":4},"end":{"line":75,"column":5}},{"start":{},"end":{}}],"line":68},"6":{"loc":{"start":{"line":82,"column":2},"end":{"line":86,"column":3}},"type":"if","locations":[{"start":{"line":82,"column":2},"end":{"line":86,"column":3}},{"start":{},"end":{}}],"line":82},"7":{"loc":{"start":{"line":82,"column":6},"end":{"line":82,"column":39}},"type":"binary-expr","locations":[{"start":{"line":82,"column":6},"end":{"line":82,"column":25}},{"start":{"line":82,"column":29},"end":{"line":82,"column":39}}],"line":82},"8":{"loc":{"start":{"line":88,"column":2},"end":{"line":105,"column":3}},"type":"if","locations":[{"start":{"line":88,"column":2},"end":{"line":105,"column":3}},{"start":{},"end":{}}],"line":88},"9":{"loc":{"start":{"line":97,"column":6},"end":{"line":103,"column":7}},"type":"if","locations":[{"start":{"line":97,"column":6},"end":{"line":103,"column":7}},{"start":{},"end":{}}],"line":97}},"s":{"0":1,"1":1,"2":6,"3":6,"4":6,"5":6,"6":6,"7":6,"8":6,"9":2,"10":2,"11":6,"12":4,"13":4,"14":1,"15":1,"16":4,"17":0,"18":4,"19":4,"20":4,"21":4,"22":4,"23":4,"24":4,"25":6,"26":6,"27":0,"28":0,"29":6,"30":1,"31":1,"32":1,"33":0,"34":0,"35":6,"36":6,"37":0},"f":{"0":6,"1":1},"b":{"0":[6,0],"1":[2,4],"2":[4,2],"3":[1,3],"4":[0,4],"5":[4,0],"6":[0,6],"7":[6,1],"8":[1,5],"9":[0,1]},"_coverageSchema":"1a1c01bbd47fc00a2c39e90264f33305004495a9","hash":"d96b9e3e041490b8e4793c4aaa7046fe21a1c467"}
,"/home/rudodev/Code/CMI/mbgl-tile-renderer-2/src/render_map.js": {"path":"/home/rudodev/Code/CMI/mbgl-tile-renderer-2/src/render_map.js","statementMap":{"0":{"start":{"line":8,"column":18},"end":{"line":19,"column":1}},"1":{"start":{"line":9,"column":2},"end":{"line":18,"column":5}},"2":{"start":{"line":10,"column":4},"end":{"line":17,"column":7}},"3":{"start":{"line":11,"column":6},"end":{"line":15,"column":7}},"4":{"start":{"line":12,"column":8},"end":{"line":12,"column":58}},"5":{"start":{"line":13,"column":8},"end":{"line":13,"column":22}},"6":{"start":{"line":14,"column":8},"end":{"line":14,"column":27}},"7":{"start":{"line":16,"column":6},"end":{"line":16,"column":29}},"8":{"start":{"line":22,"column":26},"end":{"line":60,"column":1}},"9":{"start":{"line":30,"column":19},"end":{"line":30,"column":22}},"10":{"start":{"line":32,"column":17},"end":{"line":32,"column":60}},"11":{"start":{"line":39,"column":14},"end":{"line":42,"column":4}},"12":{"start":{"line":44,"column":2},"end":{"line":44,"column":24}},"13":{"start":{"line":47,"column":17},"end":{"line":52,"column":4}},"14":{"start":{"line":55,"column":2},"end":{"line":55,"column":16}},"15":{"start":{"line":57,"column":15},"end":{"line":57,"column":63}},"16":{"start":{"line":59,"column":2},"end":{"line":59,"column":14}}},"fnMap":{"0":{"name":"(anonymous_0)","decl":{"start":{"line":8,"column":18},"end":{"line":8,"column":19}},"loc":{"start":{"line":8,"column":36},"end":{"line":19,"column":1}},"line":8},"1":{"name":"(anonymous_1)","decl":{"start":{"line":9,"column":21},"end":{"line":9,"column":22}},"loc":{"start":{"line":9,"column":42},"end":{"line":18,"column":3}},"line":9},"2":{"name":"(anonymous_2)","decl":{"start":{"line":10,"column":24},"end":{"line":10,"column":25}},"loc":{"start":{"line":10,"column":41},"end":{"line":17,"column":5}},"line":10},"3":{"name":"(anonymous_3)","decl":{"start":{"line":22,"column":26},"end":{"line":22,"column":27}},"loc":{"start":{"line":29,"column":5},"end":{"line":60,"column":1}},"line":29}},"branchMap":{"0":{"loc":{"start":{"line":11,"column":6},"end":{"line":15,"column":7}},"type":"if","locations":[{"start":{"line":11,"column":6},"end":{"line":15,"column":7}},{"start":{},"end":{}}],"line":11}},"s":{"0":1,"1":40,"2":40,"3":40,"4":0,"5":0,"6":0,"7":40,"8":1,"9":40,"10":40,"11":40,"12":40,"13":40,"14":40,"15":40,"16":40},"f":{"0":40,"1":40,"2":40,"3":40},"b":{"0":[0,40]},"_coverageSchema":"1a1c01bbd47fc00a2c39e90264f33305004495a9","hash":"de5f09e42998155a48d590cc0e41bf9545b5bdac"}
,"/home/rudodev/Code/CMI/mbgl-tile-renderer-2/src/request_resources.js": {"path":"/home/rudodev/Code/CMI/mbgl-tile-renderer-2/src/request_resources.js","statementMap":{"0":{"start":{"line":7,"column":20},"end":{"line":7,"column":68}},"1":{"start":{"line":8,"column":19},"end":{"line":8,"column":56}},"2":{"start":{"line":9,"column":21},"end":{"line":9,"column":58}},"3":{"start":{"line":9,"column":30},"end":{"line":9,"column":58}},"4":{"start":{"line":10,"column":21},"end":{"line":10,"column":54}},"5":{"start":{"line":10,"column":30},"end":{"line":10,"column":54}},"6":{"start":{"line":11,"column":20},"end":{"line":11,"column":56}},"7":{"start":{"line":11,"column":29},"end":{"line":11,"column":56}},"8":{"start":{"line":14,"column":27},"end":{"line":14,"column":69}},"9":{"start":{"line":14,"column":36},"end":{"line":14,"column":69}},"10":{"start":{"line":18,"column":26},"end":{"line":27,"column":4}},"11":{"start":{"line":23,"column":2},"end":{"line":27,"column":4}},"12":{"start":{"line":30,"column":28},"end":{"line":41,"column":1}},"13":{"start":{"line":31,"column":26},"end":{"line":31,"column":55}},"14":{"start":{"line":33,"column":2},"end":{"line":40,"column":5}},"15":{"start":{"line":34,"column":4},"end":{"line":37,"column":5}},"16":{"start":{"line":35,"column":6},"end":{"line":35,"column":20}},"17":{"start":{"line":36,"column":6},"end":{"line":36,"column":18}},"18":{"start":{"line":38,"column":4},"end":{"line":38,"column":25}},"19":{"start":{"line":39,"column":4},"end":{"line":39,"column":16}},"20":{"start":{"line":44,"column":27},"end":{"line":60,"column":1}},"21":{"start":{"line":45,"column":25},"end":{"line":45,"column":54}},"22":{"start":{"line":52,"column":2},"end":{"line":59,"column":5}},"23":{"start":{"line":53,"column":4},"end":{"line":56,"column":5}},"24":{"start":{"line":54,"column":6},"end":{"line":54,"column":20}},"25":{"start":{"line":55,"column":6},"end":{"line":55,"column":18}},"26":{"start":{"line":57,"column":4},"end":{"line":57,"column":29}},"27":{"start":{"line":58,"column":4},"end":{"line":58,"column":16}},"28":{"start":{"line":63,"column":22},"end":{"line":75,"column":1}},"29":{"start":{"line":64,"column":21},"end":{"line":64,"column":44}},"30":{"start":{"line":65,"column":20},"end":{"line":65,"column":56}},"31":{"start":{"line":67,"column":2},"end":{"line":74,"column":5}},"32":{"start":{"line":68,"column":4},"end":{"line":71,"column":5}},"33":{"start":{"line":69,"column":6},"end":{"line":69,"column":20}},"34":{"start":{"line":70,"column":6},"end":{"line":70,"column":18}},"35":{"start":{"line":72,"column":4},"end":{"line":72,"column":29}},"36":{"start":{"line":73,"column":4},"end":{"line":73,"column":16}},"37":{"start":{"line":78,"column":27},"end":{"line":118,"column":1}},"38":{"start":{"line":84,"column":26},"end":{"line":84,"column":59}},"39":{"start":{"line":85,"column":18},"end":{"line":85,"column":41}},"40":{"start":{"line":87,"column":2},"end":{"line":117,"column":5}},"41":{"start":{"line":88,"column":4},"end":{"line":91,"column":5}},"42":{"start":{"line":89,"column":6},"end":{"line":89,"column":20}},"43":{"start":{"line":90,"column":6},"end":{"line":90,"column":18}},"44":{"start":{"line":93,"column":4},"end":{"line":114,"column":7}},"45":{"start":{"line":94,"column":6},"end":{"line":97,"column":7}},"46":{"start":{"line":95,"column":8},"end":{"line":95,"column":26}},"47":{"start":{"line":96,"column":8},"end":{"line":96,"column":20}},"48":{"start":{"line":99,"column":59},"end":{"line":99,"column":63}},"49":{"start":{"line":101,"column":18},"end":{"line":101,"column":48}},"50":{"start":{"line":103,"column":23},"end":{"line":110,"column":7}},"51":{"start":{"line":112,"column":6},"end":{"line":112,"column":70}},"52":{"start":{"line":113,"column":6},"end":{"line":113,"column":18}},"53":{"start":{"line":116,"column":4},"end":{"line":116,"column":16}},"54":{"start":{"line":121,"column":23},"end":{"line":158,"column":1}},"55":{"start":{"line":127,"column":18},"end":{"line":127,"column":40}},"56":{"start":{"line":128,"column":20},"end":{"line":128,"column":69}},"57":{"start":{"line":129,"column":19},"end":{"line":129,"column":47}},"58":{"start":{"line":130,"column":22},"end":{"line":130,"column":55}},"59":{"start":{"line":132,"column":2},"end":{"line":157,"column":5}},"60":{"start":{"line":133,"column":4},"end":{"line":136,"column":5}},"61":{"start":{"line":134,"column":6},"end":{"line":134,"column":20}},"62":{"start":{"line":135,"column":6},"end":{"line":135,"column":18}},"63":{"start":{"line":138,"column":4},"end":{"line":154,"column":7}},"64":{"start":{"line":139,"column":6},"end":{"line":142,"column":7}},"65":{"start":{"line":140,"column":8},"end":{"line":140,"column":27}},"66":{"start":{"line":141,"column":8},"end":{"line":141,"column":20}},"67":{"start":{"line":144,"column":6},"end":{"line":151,"column":7}},"68":{"start":{"line":146,"column":8},"end":{"line":148,"column":11}},"69":{"start":{"line":147,"column":10},"end":{"line":147,"column":53}},"70":{"start":{"line":150,"column":8},"end":{"line":150,"column":33}},"71":{"start":{"line":153,"column":6},"end":{"line":153,"column":18}},"72":{"start":{"line":156,"column":4},"end":{"line":156,"column":16}},"73":{"start":{"line":161,"column":24},"end":{"line":189,"column":1}},"74":{"start":{"line":167,"column":18},"end":{"line":167,"column":39}},"75":{"start":{"line":168,"column":2},"end":{"line":171,"column":3}},"76":{"start":{"line":169,"column":4},"end":{"line":169,"column":46}},"77":{"start":{"line":170,"column":4},"end":{"line":170,"column":11}},"78":{"start":{"line":172,"column":27},"end":{"line":172,"column":34}},"79":{"start":{"line":173,"column":17},"end":{"line":178,"column":3}},"80":{"start":{"line":180,"column":19},"end":{"line":180,"column":57}},"81":{"start":{"line":182,"column":2},"end":{"line":188,"column":5}},"82":{"start":{"line":183,"column":4},"end":{"line":186,"column":5}},"83":{"start":{"line":184,"column":6},"end":{"line":184,"column":25}},"84":{"start":{"line":185,"column":6},"end":{"line":185,"column":13}},"85":{"start":{"line":187,"column":4},"end":{"line":187,"column":29}},"86":{"start":{"line":192,"column":24},"end":{"line":213,"column":1}},"87":{"start":{"line":198,"column":26},"end":{"line":203,"column":3}},"88":{"start":{"line":205,"column":2},"end":{"line":212,"column":5}},"89":{"start":{"line":206,"column":4},"end":{"line":209,"column":5}},"90":{"start":{"line":207,"column":6},"end":{"line":207,"column":20}},"91":{"start":{"line":208,"column":6},"end":{"line":208,"column":18}},"92":{"start":{"line":210,"column":4},"end":{"line":210,"column":29}},"93":{"start":{"line":211,"column":4},"end":{"line":211,"column":16}},"94":{"start":{"line":218,"column":2},"end":{"line":274,"column":3}},"95":{"start":{"line":219,"column":2},"end":{"line":274,"column":3}},"96":{"start":{"line":220,"column":4},"end":{"line":273,"column":5}},"97":{"start":{"line":221,"column":6},"end":{"line":269,"column":7}},"98":{"start":{"line":224,"column":10},"end":{"line":233,"column":11}},"99":{"start":{"line":225,"column":12},"end":{"line":225,"column":57}},"100":{"start":{"line":226,"column":17},"end":{"line":233,"column":11}},"101":{"start":{"line":227,"column":12},"end":{"line":227,"column":54}},"102":{"start":{"line":228,"column":17},"end":{"line":233,"column":11}},"103":{"start":{"line":229,"column":12},"end":{"line":229,"column":54}},"104":{"start":{"line":231,"column":24},"end":{"line":231,"column":86}},"105":{"start":{"line":232,"column":12},"end":{"line":232,"column":33}},"106":{"start":{"line":234,"column":10},"end":{"line":234,"column":16}},"107":{"start":{"line":238,"column":10},"end":{"line":247,"column":11}},"108":{"start":{"line":239,"column":12},"end":{"line":239,"column":53}},"109":{"start":{"line":240,"column":17},"end":{"line":247,"column":11}},"110":{"start":{"line":241,"column":12},"end":{"line":241,"column":54}},"111":{"start":{"line":242,"column":17},"end":{"line":247,"column":11}},"112":{"start":{"line":243,"column":12},"end":{"line":243,"column":54}},"113":{"start":{"line":245,"column":24},"end":{"line":245,"column":84}},"114":{"start":{"line":246,"column":12},"end":{"line":246,"column":33}},"115":{"start":{"line":248,"column":10},"end":{"line":248,"column":16}},"116":{"start":{"line":252,"column":10},"end":{"line":252,"column":49}},"117":{"start":{"line":253,"column":10},"end":{"line":253,"column":16}},"118":{"start":{"line":257,"column":10},"end":{"line":257,"column":55}},"119":{"start":{"line":258,"column":10},"end":{"line":258,"column":16}},"120":{"start":{"line":262,"column":10},"end":{"line":262,"column":54}},"121":{"start":{"line":263,"column":10},"end":{"line":263,"column":16}},"122":{"start":{"line":266,"column":22},"end":{"line":266,"column":57}},"123":{"start":{"line":267,"column":10},"end":{"line":267,"column":31}},"124":{"start":{"line":271,"column":18},"end":{"line":271,"column":74}},"125":{"start":{"line":272,"column":6},"end":{"line":272,"column":20}}},"fnMap":{"0":{"name":"(anonymous_0)","decl":{"start":{"line":9,"column":21},"end":{"line":9,"column":22}},"loc":{"start":{"line":9,"column":30},"end":{"line":9,"column":58}},"line":9},"1":{"name":"(anonymous_1)","decl":{"start":{"line":10,"column":21},"end":{"line":10,"column":22}},"loc":{"start":{"line":10,"column":30},"end":{"line":10,"column":54}},"line":10},"2":{"name":"(anonymous_2)","decl":{"start":{"line":11,"column":20},"end":{"line":11,"column":21}},"loc":{"start":{"line":11,"column":29},"end":{"line":11,"column":56}},"line":11},"3":{"name":"(anonymous_3)","decl":{"start":{"line":14,"column":27},"end":{"line":14,"column":28}},"loc":{"start":{"line":14,"column":36},"end":{"line":14,"column":69}},"line":14},"4":{"name":"(anonymous_4)","decl":{"start":{"line":18,"column":26},"end":{"line":18,"column":27}},"loc":{"start":{"line":23,"column":2},"end":{"line":27,"column":4}},"line":23},"5":{"name":"(anonymous_5)","decl":{"start":{"line":30,"column":28},"end":{"line":30,"column":29}},"loc":{"start":{"line":30,"column":57},"end":{"line":41,"column":1}},"line":30},"6":{"name":"(anonymous_6)","decl":{"start":{"line":33,"column":31},"end":{"line":33,"column":32}},"loc":{"start":{"line":33,"column":46},"end":{"line":40,"column":3}},"line":33},"7":{"name":"(anonymous_7)","decl":{"start":{"line":44,"column":27},"end":{"line":44,"column":28}},"loc":{"start":{"line":44,"column":56},"end":{"line":60,"column":1}},"line":44},"8":{"name":"(anonymous_8)","decl":{"start":{"line":52,"column":30},"end":{"line":52,"column":31}},"loc":{"start":{"line":52,"column":45},"end":{"line":59,"column":3}},"line":52},"9":{"name":"(anonymous_9)","decl":{"start":{"line":63,"column":22},"end":{"line":63,"column":23}},"loc":{"start":{"line":63,"column":51},"end":{"line":75,"column":1}},"line":63},"10":{"name":"(anonymous_10)","decl":{"start":{"line":67,"column":25},"end":{"line":67,"column":26}},"loc":{"start":{"line":67,"column":40},"end":{"line":74,"column":3}},"line":67},"11":{"name":"(anonymous_11)","decl":{"start":{"line":78,"column":27},"end":{"line":78,"column":28}},"loc":{"start":{"line":78,"column":57},"end":{"line":118,"column":1}},"line":78},"12":{"name":"(anonymous_12)","decl":{"start":{"line":87,"column":31},"end":{"line":87,"column":32}},"loc":{"start":{"line":87,"column":49},"end":{"line":117,"column":3}},"line":87},"13":{"name":"(anonymous_13)","decl":{"start":{"line":93,"column":20},"end":{"line":93,"column":21}},"loc":{"start":{"line":93,"column":39},"end":{"line":114,"column":5}},"line":93},"14":{"name":"(anonymous_14)","decl":{"start":{"line":121,"column":23},"end":{"line":121,"column":24}},"loc":{"start":{"line":121,"column":53},"end":{"line":158,"column":1}},"line":121},"15":{"name":"(anonymous_15)","decl":{"start":{"line":132,"column":27},"end":{"line":132,"column":28}},"loc":{"start":{"line":132,"column":45},"end":{"line":157,"column":3}},"line":132},"16":{"name":"(anonymous_16)","decl":{"start":{"line":138,"column":29},"end":{"line":138,"column":30}},"loc":{"start":{"line":138,"column":48},"end":{"line":154,"column":5}},"line":138},"17":{"name":"(anonymous_17)","decl":{"start":{"line":146,"column":25},"end":{"line":146,"column":26}},"loc":{"start":{"line":146,"column":53},"end":{"line":148,"column":9}},"line":146},"18":{"name":"(anonymous_18)","decl":{"start":{"line":161,"column":24},"end":{"line":161,"column":25}},"loc":{"start":{"line":161,"column":54},"end":{"line":189,"column":1}},"line":161},"19":{"name":"(anonymous_19)","decl":{"start":{"line":182,"column":24},"end":{"line":182,"column":25}},"loc":{"start":{"line":182,"column":39},"end":{"line":188,"column":3}},"line":182},"20":{"name":"(anonymous_20)","decl":{"start":{"line":192,"column":24},"end":{"line":192,"column":25}},"loc":{"start":{"line":192,"column":54},"end":{"line":213,"column":1}},"line":192},"21":{"name":"(anonymous_21)","decl":{"start":{"line":205,"column":31},"end":{"line":205,"column":32}},"loc":{"start":{"line":205,"column":46},"end":{"line":212,"column":3}},"line":205},"22":{"name":"(anonymous_22)","decl":{"start":{"line":218,"column":2},"end":{"line":218,"column":3}},"loc":{"start":{"line":219,"column":2},"end":{"line":274,"column":3}},"line":219},"23":{"name":"(anonymous_23)","decl":{"start":{"line":219,"column":2},"end":{"line":219,"column":3}},"loc":{"start":{"line":219,"column":31},"end":{"line":274,"column":3}},"line":219}},"branchMap":{"0":{"loc":{"start":{"line":34,"column":4},"end":{"line":37,"column":5}},"type":"if","locations":[{"start":{"line":34,"column":4},"end":{"line":37,"column":5}},{"start":{},"end":{}}],"line":34},"1":{"loc":{"start":{"line":53,"column":4},"end":{"line":56,"column":5}},"type":"if","locations":[{"start":{"line":53,"column":4},"end":{"line":56,"column":5}},{"start":{},"end":{}}],"line":53},"2":{"loc":{"start":{"line":68,"column":4},"end":{"line":71,"column":5}},"type":"if","locations":[{"start":{"line":68,"column":4},"end":{"line":71,"column":5}},{"start":{},"end":{}}],"line":68},"3":{"loc":{"start":{"line":88,"column":4},"end":{"line":91,"column":5}},"type":"if","locations":[{"start":{"line":88,"column":4},"end":{"line":91,"column":5}},{"start":{},"end":{}}],"line":88},"4":{"loc":{"start":{"line":94,"column":6},"end":{"line":97,"column":7}},"type":"if","locations":[{"start":{"line":94,"column":6},"end":{"line":97,"column":7}},{"start":{},"end":{}}],"line":94},"5":{"loc":{"start":{"line":101,"column":18},"end":{"line":101,"column":48}},"type":"cond-expr","locations":[{"start":{"line":101,"column":37},"end":{"line":101,"column":43}},{"start":{"line":101,"column":46},"end":{"line":101,"column":48}}],"line":101},"6":{"loc":{"start":{"line":133,"column":4},"end":{"line":136,"column":5}},"type":"if","locations":[{"start":{"line":133,"column":4},"end":{"line":136,"column":5}},{"start":{},"end":{}}],"line":133},"7":{"loc":{"start":{"line":139,"column":6},"end":{"line":142,"column":7}},"type":"if","locations":[{"start":{"line":139,"column":6},"end":{"line":142,"column":7}},{"start":{},"end":{}}],"line":139},"8":{"loc":{"start":{"line":144,"column":6},"end":{"line":151,"column":7}},"type":"if","locations":[{"start":{"line":144,"column":6},"end":{"line":151,"column":7}},{"start":{"line":149,"column":13},"end":{"line":151,"column":7}}],"line":144},"9":{"loc":{"start":{"line":168,"column":2},"end":{"line":171,"column":3}},"type":"if","locations":[{"start":{"line":168,"column":2},"end":{"line":171,"column":3}},{"start":{},"end":{}}],"line":168},"10":{"loc":{"start":{"line":183,"column":4},"end":{"line":186,"column":5}},"type":"if","locations":[{"start":{"line":183,"column":4},"end":{"line":186,"column":5}},{"start":{},"end":{}}],"line":183},"11":{"loc":{"start":{"line":206,"column":4},"end":{"line":209,"column":5}},"type":"if","locations":[{"start":{"line":206,"column":4},"end":{"line":209,"column":5}},{"start":{},"end":{}}],"line":206},"12":{"loc":{"start":{"line":221,"column":6},"end":{"line":269,"column":7}},"type":"switch","locations":[{"start":{"line":222,"column":8},"end":{"line":235,"column":9}},{"start":{"line":236,"column":8},"end":{"line":249,"column":9}},{"start":{"line":250,"column":8},"end":{"line":254,"column":9}},{"start":{"line":255,"column":8},"end":{"line":259,"column":9}},{"start":{"line":260,"column":8},"end":{"line":264,"column":9}},{"start":{"line":265,"column":8},"end":{"line":268,"column":9}}],"line":221},"13":{"loc":{"start":{"line":224,"column":10},"end":{"line":233,"column":11}},"type":"if","locations":[{"start":{"line":224,"column":10},"end":{"line":233,"column":11}},{"start":{"line":226,"column":17},"end":{"line":233,"column":11}}],"line":224},"14":{"loc":{"start":{"line":226,"column":17},"end":{"line":233,"column":11}},"type":"if","locations":[{"start":{"line":226,"column":17},"end":{"line":233,"column":11}},{"start":{"line":228,"column":17},"end":{"line":233,"column":11}}],"line":226},"15":{"loc":{"start":{"line":228,"column":17},"end":{"line":233,"column":11}},"type":"if","locations":[{"start":{"line":228,"column":17},"end":{"line":233,"column":11}},{"start":{"line":230,"column":17},"end":{"line":233,"column":11}}],"line":228},"16":{"loc":{"start":{"line":238,"column":10},"end":{"line":247,"column":11}},"type":"if","locations":[{"start":{"line":238,"column":10},"end":{"line":247,"column":11}},{"start":{"line":240,"column":17},"end":{"line":247,"column":11}}],"line":238},"17":{"loc":{"start":{"line":240,"column":17},"end":{"line":247,"column":11}},"type":"if","locations":[{"start":{"line":240,"column":17},"end":{"line":247,"column":11}},{"start":{"line":242,"column":17},"end":{"line":247,"column":11}}],"line":240},"18":{"loc":{"start":{"line":242,"column":17},"end":{"line":247,"column":11}},"type":"if","locations":[{"start":{"line":242,"column":17},"end":{"line":247,"column":11}},{"start":{"line":244,"column":17},"end":{"line":247,"column":11}}],"line":242}},"s":{"0":1,"1":1,"2":1,"3":238,"4":1,"5":13,"6":1,"7":203,"8":1,"9":41,"10":1,"11":35,"12":1,"13":0,"14":0,"15":0,"16":0,"17":0,"18":0,"19":0,"20":1,"21":0,"22":0,"23":0,"24":0,"25":0,"26":0,"27":0,"28":1,"29":0,"30":0,"31":0,"32":0,"33":0,"34":0,"35":0,"36":0,"37":1,"38":6,"39":6,"40":6,"41":6,"42":0,"43":0,"44":6,"45":6,"46":0,"47":0,"48":6,"49":6,"50":6,"51":6,"52":6,"53":6,"54":1,"55":29,"56":29,"57":29,"58":29,"59":29,"60":29,"61":0,"62":0,"63":29,"64":29,"65":18,"66":18,"67":11,"68":0,"69":0,"70":11,"71":11,"72":29,"73":1,"74":190,"75":190,"76":0,"77":0,"78":190,"79":190,"80":190,"81":190,"82":190,"83":140,"84":140,"85":50,"86":1,"87":13,"88":13,"89":13,"90":0,"91":0,"92":13,"93":13,"94":1,"95":40,"96":238,"97":238,"98":19,"99":6,"100":13,"101":0,"102":13,"103":13,"104":0,"105":0,"106":19,"107":219,"108":29,"109":190,"110":190,"111":0,"112":0,"113":0,"114":0,"115":219,"116":0,"117":0,"118":0,"119":0,"120":0,"121":0,"122":0,"123":0,"124":0,"125":0},"f":{"0":238,"1":13,"2":203,"3":41,"4":35,"5":0,"6":0,"7":0,"8":0,"9":0,"10":0,"11":6,"12":6,"13":6,"14":29,"15":29,"16":29,"17":0,"18":190,"19":190,"20":13,"21":13,"22":40,"23":238},"b":{"0":[0,0],"1":[0,0],"2":[0,0],"3":[0,6],"4":[0,6],"5":[0,6],"6":[0,29],"7":[18,11],"8":[0,11],"9":[0,190],"10":[140,50],"11":[0,13],"12":[19,219,0,0,0,0],"13":[6,13],"14":[0,13],"15":[13,0],"16":[29,190],"17":[190,0],"18":[0,0]},"_coverageSchema":"1a1c01bbd47fc00a2c39e90264f33305004495a9","hash":"7cb9113b659f47b34bb823cc7a72c1f61a3efc5b"}
,"/home/rudodev/Code/CMI/mbgl-tile-renderer-2/src/tile_calculations.js": {"path":"/home/rudodev/Code/CMI/mbgl-tile-renderer-2/src/tile_calculations.js","statementMap":{"0":{"start":{"line":1,"column":36},"end":{"line":12,"column":1}},"1":{"start":{"line":2,"column":2},"end":{"line":4,"column":3}},"2":{"start":{"line":3,"column":4},"end":{"line":3,"column":60}},"3":{"start":{"line":6,"column":2},"end":{"line":8,"column":3}},"4":{"start":{"line":7,"column":4},"end":{"line":7,"column":56}},"5":{"start":{"line":9,"column":2},"end":{"line":11,"column":3}},"6":{"start":{"line":10,"column":4},"end":{"line":10,"column":56}},"7":{"start":{"line":18,"column":41},"end":{"line":31,"column":1}},"8":{"start":{"line":19,"column":12},"end":{"line":19,"column":29}},"9":{"start":{"line":20,"column":12},"end":{"line":20,"column":47}},"10":{"start":{"line":21,"column":12},"end":{"line":29,"column":3}},"11":{"start":{"line":30,"column":2},"end":{"line":30,"column":18}},"12":{"start":{"line":35,"column":43},"end":{"line":42,"column":1}},"13":{"start":{"line":36,"column":43},"end":{"line":36,"column":49}},"14":{"start":{"line":38,"column":31},"end":{"line":38,"column":78}},"15":{"start":{"line":39,"column":31},"end":{"line":39,"column":78}},"16":{"start":{"line":41,"column":2},"end":{"line":41,"column":36}},"17":{"start":{"line":47,"column":41},"end":{"line":54,"column":1}},"18":{"start":{"line":48,"column":14},"end":{"line":48,"column":49}},"19":{"start":{"line":49,"column":17},"end":{"line":51,"column":3}},"20":{"start":{"line":52,"column":14},"end":{"line":52,"column":40}},"21":{"start":{"line":53,"column":2},"end":{"line":53,"column":22}},"22":{"start":{"line":58,"column":47},"end":{"line":77,"column":1}},"23":{"start":{"line":60,"column":13},"end":{"line":60,"column":50}},"24":{"start":{"line":61,"column":13},"end":{"line":61,"column":58}},"25":{"start":{"line":64,"column":22},"end":{"line":66,"column":3}},"26":{"start":{"line":67,"column":22},"end":{"line":69,"column":3}},"27":{"start":{"line":70,"column":23},"end":{"line":70,"column":54}},"28":{"start":{"line":71,"column":20},"end":{"line":71,"column":76}},"29":{"start":{"line":74,"column":20},"end":{"line":74,"column":41}},"30":{"start":{"line":76,"column":2},"end":{"line":76,"column":32}}},"fnMap":{"0":{"name":"(anonymous_0)","decl":{"start":{"line":1,"column":36},"end":{"line":1,"column":37}},"loc":{"start":{"line":1,"column":64},"end":{"line":12,"column":1}},"line":1},"1":{"name":"(anonymous_1)","decl":{"start":{"line":18,"column":41},"end":{"line":18,"column":42}},"loc":{"start":{"line":18,"column":61},"end":{"line":31,"column":1}},"line":18},"2":{"name":"(anonymous_2)","decl":{"start":{"line":35,"column":43},"end":{"line":35,"column":44}},"loc":{"start":{"line":35,"column":61},"end":{"line":42,"column":1}},"line":35},"3":{"name":"(anonymous_3)","decl":{"start":{"line":47,"column":41},"end":{"line":47,"column":42}},"loc":{"start":{"line":47,"column":57},"end":{"line":54,"column":1}},"line":47},"4":{"name":"(anonymous_4)","decl":{"start":{"line":58,"column":47},"end":{"line":58,"column":48}},"loc":{"start":{"line":58,"column":63},"end":{"line":77,"column":1}},"line":58}},"branchMap":{"0":{"loc":{"start":{"line":2,"column":2},"end":{"line":4,"column":3}},"type":"if","locations":[{"start":{"line":2,"column":2},"end":{"line":4,"column":3}},{"start":{},"end":{}}],"line":2},"1":{"loc":{"start":{"line":2,"column":6},"end":{"line":2,"column":62}},"type":"binary-expr","locations":[{"start":{"line":2,"column":6},"end":{"line":2,"column":17}},{"start":{"line":2,"column":21},"end":{"line":2,"column":32}},{"start":{"line":2,"column":36},"end":{"line":2,"column":47}},{"start":{"line":2,"column":51},"end":{"line":2,"column":62}}],"line":2},"2":{"loc":{"start":{"line":6,"column":2},"end":{"line":8,"column":3}},"type":"if","locations":[{"start":{"line":6,"column":2},"end":{"line":8,"column":3}},{"start":{},"end":{}}],"line":6},"3":{"loc":{"start":{"line":9,"column":2},"end":{"line":11,"column":3}},"type":"if","locations":[{"start":{"line":9,"column":2},"end":{"line":11,"column":3}},{"start":{},"end":{}}],"line":9}},"s":{"0":1,"1":59,"2":4,"3":55,"4":1,"5":54,"6":1,"7":1,"8":106,"9":106,"10":106,"11":106,"12":1,"13":36,"14":36,"15":36,"16":36,"17":1,"18":80,"19":80,"20":80,"21":80,"22":1,"23":40,"24":40,"25":40,"26":40,"27":40,"28":40,"29":40,"30":40},"f":{"0":59,"1":106,"2":36,"3":80,"4":40},"b":{"0":[4,55],"1":[59,58,57,56],"2":[1,54],"3":[1,53]},"_coverageSchema":"1a1c01bbd47fc00a2c39e90264f33305004495a9","hash":"8d84e4758d14af491856367c7353b80526d359f9"}
,"/home/rudodev/Code/CMI/mbgl-tile-renderer-2/tests/utils.js": {"path":"/home/rudodev/Code/CMI/mbgl-tile-renderer-2/tests/utils.js","statementMap":{"0":{"start":{"line":2,"column":22},"end":{"line":7,"column":1}},"1":{"start":{"line":3,"column":2},"end":{"line":5,"column":3}},"2":{"start":{"line":4,"column":4},"end":{"line":4,"column":21}},"3":{"start":{"line":6,"column":2},"end":{"line":6,"column":14}}},"fnMap":{"0":{"name":"(anonymous_0)","decl":{"start":{"line":2,"column":22},"end":{"line":2,"column":23}},"loc":{"start":{"line":2,"column":37},"end":{"line":7,"column":1}},"line":2}},"branchMap":{"0":{"loc":{"start":{"line":3,"column":2},"end":{"line":5,"column":3}},"type":"if","locations":[{"start":{"line":3,"column":2},"end":{"line":5,"column":3}},{"start":{},"end":{}}],"line":3}},"s":{"0":1,"1":2,"2":0,"3":2},"f":{"0":2},"b":{"0":[0,2]},"_coverageSchema":"1a1c01bbd47fc00a2c39e90264f33305004495a9","hash":"75c4c7a01c2602d469aac0f9000186c63d4abd8b"}
}
