TN:
SF:src/download_resources.js
FN:12,(anonymous_0)
FN:46,(anonymous_1)
FN:171,(anonymous_2)
FN:177,(anonymous_3)
FN:225,(anonymous_4)
FN:235,(anonymous_5)
FNF:6
FNH:6
FNDA:24,(anonymous_0)
FNDA:4,(anonymous_1)
FNDA:20,(anonymous_2)
FNDA:20,(anonymous_3)
FNDA:4,(anonymous_4)
FNDA:4,(anonymous_5)
DA:12,1
DA:18,24
DA:20,24
DA:22,2
DA:26,22
DA:28,2
DA:31,24
DA:32,24
DA:33,22
DA:34,22
DA:35,22
DA:37,0
DA:39,2
DA:40,2
DA:41,2
DA:46,1
DA:56,4
DA:57,0
DA:61,4
DA:63,1
DA:64,1
DA:65,1
DA:66,1
DA:68,1
DA:70,1
DA:71,1
DA:72,1
DA:74,1
DA:75,1
DA:76,1
DA:77,1
DA:79,0
DA:80,0
DA:81,0
DA:82,0
DA:84,0
DA:85,0
DA:86,0
DA:87,0
DA:89,0
DA:90,0
DA:91,0
DA:92,0
DA:94,1
DA:95,1
DA:98,3
DA:99,3
DA:100,3
DA:103,3
DA:105,3
DA:107,3
DA:110,3
DA:111,17
DA:116,17
DA:122,17
DA:124,17
DA:126,17
DA:128,17
DA:129,20
DA:131,20
DA:135,6
DA:137,6
DA:138,6
DA:139,20
DA:140,20
DA:141,20
DA:142,20
DA:143,20
DA:145,6
DA:147,14
DA:153,20
DA:160,20
DA:161,20
DA:162,20
DA:165,0
DA:166,0
DA:167,0
DA:170,20
DA:171,20
DA:175,17
DA:177,20
DA:178,17
DA:185,17
DA:186,0
DA:188,17
DA:193,3
DA:194,0
DA:196,3
DA:201,3
DA:210,3
DA:212,3
DA:213,3
DA:214,3
DA:216,0
DA:219,3
DA:225,1
DA:235,4
DA:236,4
DA:237,4
DA:247,4
DA:249,0
LF:101
LH:80
BRDA:20,0,0,2
BRDA:20,0,1,22
BRDA:26,1,0,2
BRDA:26,1,1,20
BRDA:33,2,0,22
BRDA:33,2,1,0
BRDA:56,3,0,0
BRDA:56,3,1,4
BRDA:56,4,0,4
BRDA:56,4,1,4
BRDA:61,5,0,1
BRDA:61,5,1,1
BRDA:61,5,2,1
BRDA:61,5,3,0
BRDA:61,5,4,0
BRDA:61,5,5,0
BRDA:61,5,6,1
BRDA:99,6,0,3
BRDA:99,6,1,0
BRDA:131,7,0,6
BRDA:131,7,1,14
BRDA:137,8,0,1
BRDA:137,8,1,5
BRDA:141,9,0,6
BRDA:141,9,1,14
BRDA:142,10,0,9
BRDA:142,10,1,11
BRDA:160,11,0,20
BRDA:160,11,1,0
BRDA:161,12,0,20
BRDA:161,12,1,0
BRDA:185,13,0,0
BRDA:185,13,1,17
BRDA:193,14,0,0
BRDA:193,14,1,3
BRF:35
BRH:25
end_of_record
TN:
SF:src/generate_resources.js
FN:14,(anonymous_0)
FN:77,(anonymous_1)
FN:110,(anonymous_2)
FN:125,(anonymous_3)
FN:126,(anonymous_4)
FN:138,(anonymous_5)
FN:165,(anonymous_6)
FN:197,(anonymous_7)
FN:208,(anonymous_8)
FN:209,(anonymous_9)
FN:225,(anonymous_10)
FN:229,(anonymous_11)
FN:233,(anonymous_12)
FNF:13
FNH:11
FNDA:5,(anonymous_0)
FNDA:40,(anonymous_1)
FNDA:6,(anonymous_2)
FNDA:6,(anonymous_3)
FNDA:6,(anonymous_4)
FNDA:6,(anonymous_5)
FNDA:6,(anonymous_6)
FNDA:40,(anonymous_7)
FNDA:6,(anonymous_8)
FNDA:6,(anonymous_9)
FNDA:0,(anonymous_10)
FNDA:0,(anonymous_11)
FNDA:6,(anonymous_12)
DA:14,1
DA:15,5
DA:45,5
DA:46,2
DA:50,2
DA:61,2
DA:73,5
DA:77,1
DA:84,40
DA:85,10485760
DA:86,10485760
DA:87,10485760
DA:88,0
DA:89,0
DA:90,0
DA:92,10485760
DA:93,10485760
DA:94,10485760
DA:98,40
DA:110,1
DA:121,6
DA:122,6
DA:125,6
DA:126,6
DA:127,6
DA:128,0
DA:129,0
DA:131,6
DA:136,6
DA:138,6
DA:139,6
DA:140,0
DA:142,6
DA:151,6
DA:152,6
DA:153,3
DA:155,3
DA:156,3
DA:159,3
DA:161,0
DA:165,6
DA:166,6
DA:172,6
DA:173,36
DA:175,36
DA:180,36
DA:183,36
DA:184,40
DA:185,40
DA:187,40
DA:197,40
DA:198,40
DA:201,0
DA:208,6
DA:209,6
DA:210,6
DA:211,6
DA:214,6
DA:219,6
DA:221,6
DA:222,6
DA:223,6
DA:225,6
DA:226,0
DA:229,6
DA:230,0
DA:233,6
DA:235,6
DA:236,6
DA:240,6
DA:242,0
LF:71
LH:60
BRDA:45,0,0,2
BRDA:45,0,1,3
BRDA:87,1,0,0
BRDA:87,1,1,10485760
BRDA:127,2,0,0
BRDA:127,2,1,6
BRDA:139,3,0,0
BRDA:139,3,1,6
BRDA:152,4,0,3
BRDA:152,4,1,3
BRDA:166,5,0,0
BRDA:166,5,1,6
BRDA:198,6,0,0
BRDA:198,6,1,40
BRDA:210,7,0,0
BRDA:210,7,1,6
BRDA:235,8,0,6
BRDA:235,8,1,0
BRF:18
BRH:11
end_of_record
TN:
SF:src/initiate.js
FN:10,(anonymous_0)
FN:89,(anonymous_1)
FNF:2
FNH:2
FNDA:6,(anonymous_0)
FNDA:1,(anonymous_1)
DA:8,1
DA:10,1
DA:24,6
DA:26,6
DA:27,6
DA:28,6
DA:30,6
DA:31,6
DA:34,6
DA:35,2
DA:36,2
DA:40,6
DA:42,4
DA:54,4
DA:55,1
DA:56,1
DA:61,4
DA:62,0
DA:64,4
DA:68,4
DA:69,4
DA:70,4
DA:74,4
DA:77,4
DA:78,4
DA:81,6
DA:82,6
DA:84,0
DA:85,0
DA:88,6
DA:89,1
DA:90,1
DA:97,1
DA:98,0
DA:102,0
DA:107,6
DA:108,6
DA:120,0
LF:38
LH:32
BRDA:27,0,0,6
BRDA:27,0,1,0
BRDA:34,1,0,2
BRDA:34,1,1,4
BRDA:40,2,0,4
BRDA:40,2,1,2
BRDA:54,3,0,1
BRDA:54,3,1,3
BRDA:61,4,0,0
BRDA:61,4,1,4
BRDA:68,5,0,4
BRDA:68,5,1,0
BRDA:82,6,0,0
BRDA:82,6,1,6
BRDA:82,7,0,6
BRDA:82,7,1,1
BRDA:88,8,0,1
BRDA:88,8,1,5
BRDA:97,9,0,0
BRDA:97,9,1,1
BRF:20
BRH:15
end_of_record
TN:
SF:src/render_map.js
FN:8,(anonymous_0)
FN:9,(anonymous_1)
FN:10,(anonymous_2)
FN:22,(anonymous_3)
FNF:4
FNH:4
FNDA:40,(anonymous_0)
FNDA:40,(anonymous_1)
FNDA:40,(anonymous_2)
FNDA:40,(anonymous_3)
DA:8,1
DA:9,40
DA:10,40
DA:11,40
DA:12,0
DA:13,0
DA:14,0
DA:16,40
DA:22,1
DA:30,40
DA:32,40
DA:39,40
DA:44,40
DA:47,40
DA:55,40
DA:57,40
DA:59,40
LF:17
LH:14
BRDA:11,0,0,0
BRDA:11,0,1,40
BRF:2
BRH:1
end_of_record
TN:
SF:src/request_resources.js
FN:9,(anonymous_0)
FN:10,(anonymous_1)
FN:11,(anonymous_2)
FN:14,(anonymous_3)
FN:18,(anonymous_4)
FN:30,(anonymous_5)
FN:33,(anonymous_6)
FN:44,(anonymous_7)
FN:52,(anonymous_8)
FN:63,(anonymous_9)
FN:67,(anonymous_10)
FN:78,(anonymous_11)
FN:87,(anonymous_12)
FN:93,(anonymous_13)
FN:121,(anonymous_14)
FN:132,(anonymous_15)
FN:138,(anonymous_16)
FN:146,(anonymous_17)
FN:161,(anonymous_18)
FN:182,(anonymous_19)
FN:192,(anonymous_20)
FN:205,(anonymous_21)
FN:218,(anonymous_22)
FN:219,(anonymous_23)
FNF:24
FNH:17
FNDA:238,(anonymous_0)
FNDA:13,(anonymous_1)
FNDA:203,(anonymous_2)
FNDA:41,(anonymous_3)
FNDA:35,(anonymous_4)
FNDA:0,(anonymous_5)
FNDA:0,(anonymous_6)
FNDA:0,(anonymous_7)
FNDA:0,(anonymous_8)
FNDA:0,(anonymous_9)
FNDA:0,(anonymous_10)
FNDA:6,(anonymous_11)
FNDA:6,(anonymous_12)
FNDA:6,(anonymous_13)
FNDA:29,(anonymous_14)
FNDA:29,(anonymous_15)
FNDA:29,(anonymous_16)
FNDA:0,(anonymous_17)
FNDA:190,(anonymous_18)
FNDA:190,(anonymous_19)
FNDA:13,(anonymous_20)
FNDA:13,(anonymous_21)
FNDA:40,(anonymous_22)
FNDA:238,(anonymous_23)
DA:7,1
DA:8,1
DA:9,238
DA:10,13
DA:11,203
DA:14,41
DA:18,1
DA:23,35
DA:30,1
DA:31,0
DA:33,0
DA:34,0
DA:35,0
DA:36,0
DA:38,0
DA:39,0
DA:44,1
DA:45,0
DA:52,0
DA:53,0
DA:54,0
DA:55,0
DA:57,0
DA:58,0
DA:63,1
DA:64,0
DA:65,0
DA:67,0
DA:68,0
DA:69,0
DA:70,0
DA:72,0
DA:73,0
DA:78,1
DA:84,6
DA:85,6
DA:87,6
DA:88,6
DA:89,0
DA:90,0
DA:93,6
DA:94,6
DA:95,0
DA:96,0
DA:99,6
DA:101,6
DA:103,6
DA:112,6
DA:113,6
DA:116,6
DA:121,1
DA:127,29
DA:128,29
DA:129,29
DA:130,29
DA:132,29
DA:133,29
DA:134,0
DA:135,0
DA:138,29
DA:139,29
DA:140,18
DA:141,18
DA:144,11
DA:146,0
DA:147,0
DA:150,11
DA:153,11
DA:156,29
DA:161,1
DA:167,190
DA:168,190
DA:169,0
DA:170,0
DA:172,190
DA:173,190
DA:180,190
DA:182,190
DA:183,190
DA:184,140
DA:185,140
DA:187,50
DA:192,1
DA:198,13
DA:205,13
DA:206,13
DA:207,0
DA:208,0
DA:210,13
DA:211,13
DA:218,1
DA:219,40
DA:220,238
DA:221,238
DA:224,19
DA:225,6
DA:226,13
DA:227,0
DA:228,13
DA:229,13
DA:231,0
DA:232,0
DA:234,19
DA:238,219
DA:239,29
DA:240,190
DA:241,190
DA:242,0
DA:243,0
DA:245,0
DA:246,0
DA:248,219
DA:252,0
DA:253,0
DA:257,0
DA:258,0
DA:262,0
DA:263,0
DA:266,0
DA:267,0
DA:271,0
DA:272,0
LF:122
LH:71
BRDA:34,0,0,0
BRDA:34,0,1,0
BRDA:53,1,0,0
BRDA:53,1,1,0
BRDA:68,2,0,0
BRDA:68,2,1,0
BRDA:88,3,0,0
BRDA:88,3,1,6
BRDA:94,4,0,0
BRDA:94,4,1,6
BRDA:101,5,0,0
BRDA:101,5,1,6
BRDA:133,6,0,0
BRDA:133,6,1,29
BRDA:139,7,0,18
BRDA:139,7,1,11
BRDA:144,8,0,0
BRDA:144,8,1,11
BRDA:168,9,0,0
BRDA:168,9,1,190
BRDA:183,10,0,140
BRDA:183,10,1,50
BRDA:206,11,0,0
BRDA:206,11,1,13
BRDA:221,12,0,19
BRDA:221,12,1,219
BRDA:221,12,2,0
BRDA:221,12,3,0
BRDA:221,12,4,0
BRDA:221,12,5,0
BRDA:224,13,0,6
BRDA:224,13,1,13
BRDA:226,14,0,0
BRDA:226,14,1,13
BRDA:228,15,0,13
BRDA:228,15,1,0
BRDA:238,16,0,29
BRDA:238,16,1,190
BRDA:240,17,0,190
BRDA:240,17,1,0
BRDA:242,18,0,0
BRDA:242,18,1,0
BRF:42
BRH:20
end_of_record
TN:
SF:src/tile_calculations.js
FN:1,(anonymous_0)
FN:18,(anonymous_1)
FN:35,(anonymous_2)
FN:47,(anonymous_3)
FN:58,(anonymous_4)
FNF:5
FNH:5
FNDA:59,(anonymous_0)
FNDA:106,(anonymous_1)
FNDA:36,(anonymous_2)
FNDA:80,(anonymous_3)
FNDA:40,(anonymous_4)
DA:1,1
DA:2,59
DA:3,4
DA:6,55
DA:7,1
DA:9,54
DA:10,1
DA:18,1
DA:19,106
DA:20,106
DA:21,106
DA:30,106
DA:35,1
DA:36,36
DA:38,36
DA:39,36
DA:41,36
DA:47,1
DA:48,80
DA:49,80
DA:52,80
DA:53,80
DA:58,1
DA:60,40
DA:61,40
DA:64,40
DA:67,40
DA:70,40
DA:71,40
DA:74,40
DA:76,40
LF:31
LH:31
BRDA:2,0,0,4
BRDA:2,0,1,55
BRDA:2,1,0,59
BRDA:2,1,1,58
BRDA:2,1,2,57
BRDA:2,1,3,56
BRDA:6,2,0,1
BRDA:6,2,1,54
BRDA:9,3,0,1
BRDA:9,3,1,53
BRF:10
BRH:10
end_of_record
TN:
SF:tests/utils.js
FN:2,(anonymous_0)
FNF:1
FNH:1
FNDA:2,(anonymous_0)
DA:2,1
DA:3,2
DA:4,0
DA:6,2
LF:4
LH:3
BRDA:3,0,0,0
BRDA:3,0,1,2
BRF:2
BRH:1
end_of_record
